

Started GET "/assets/rails.png" for 127.0.0.1 at 2013-03-09 14:53:14 -0600
Connecting to database specified by database.yml
Served asset /rails.png - 200 OK (24ms)


Started GET "/assets/rails.png" for 127.0.0.1 at 2013-03-09 14:59:22 -0600
Served asset /rails.png - 304 Not Modified (0ms)


Started GET "/assets/rails.png" for 127.0.0.1 at 2013-03-09 18:58:36 -0600
Connecting to database specified by database.yml
Served asset /rails.png - 304 Not Modified (3ms)


Started GET "/OneTwentyOne/Room.html" for 127.0.0.1 at 2013-03-09 18:58:43 -0600

ActionController::RoutingError (No route matches [GET] "/OneTwentyOne/Room.html"):
  actionpack (3.2.6) lib/action_dispatch/middleware/debug_exceptions.rb:21:in `call'
  actionpack (3.2.6) lib/action_dispatch/middleware/show_exceptions.rb:56:in `call'
  railties (3.2.6) lib/rails/rack/logger.rb:26:in `call_app'
  railties (3.2.6) lib/rails/rack/logger.rb:16:in `call'
  actionpack (3.2.6) lib/action_dispatch/middleware/request_id.rb:22:in `call'
  rack (1.4.5) lib/rack/methodoverride.rb:21:in `call'
  rack (1.4.5) lib/rack/runtime.rb:17:in `call'
  activesupport (3.2.6) lib/active_support/cache/strategy/local_cache.rb:72:in `call'
  rack (1.4.5) lib/rack/lock.rb:15:in `call'
  actionpack (3.2.6) lib/action_dispatch/middleware/static.rb:62:in `call'
  railties (3.2.6) lib/rails/engine.rb:479:in `call'
  railties (3.2.6) lib/rails/application.rb:220:in `call'
  rack (1.4.5) lib/rack/content_length.rb:14:in `call'
  railties (3.2.6) lib/rails/rack/log_tailer.rb:17:in `call'
  rack (1.4.5) lib/rack/handler/webrick.rb:59:in `service'
  C:/Ruby193/lib/ruby/1.9.1/webrick/httpserver.rb:138:in `service'
  C:/Ruby193/lib/ruby/1.9.1/webrick/httpserver.rb:94:in `run'
  C:/Ruby193/lib/ruby/1.9.1/webrick/server.rb:191:in `block in start_thread'


  Rendered C:/Ruby193/lib/ruby/gems/1.9.1/gems/actionpack-3.2.6/lib/action_dispatch/middleware/templates/rescues/routing_error.erb within rescues/layout (13.0ms)


Started GET "/OneTwentyOne/Room" for 127.0.0.1 at 2013-03-09 18:58:48 -0600

ActionController::RoutingError (No route matches [GET] "/OneTwentyOne/Room"):
  actionpack (3.2.6) lib/action_dispatch/middleware/debug_exceptions.rb:21:in `call'
  actionpack (3.2.6) lib/action_dispatch/middleware/show_exceptions.rb:56:in `call'
  railties (3.2.6) lib/rails/rack/logger.rb:26:in `call_app'
  railties (3.2.6) lib/rails/rack/logger.rb:16:in `call'
  actionpack (3.2.6) lib/action_dispatch/middleware/request_id.rb:22:in `call'
  rack (1.4.5) lib/rack/methodoverride.rb:21:in `call'
  rack (1.4.5) lib/rack/runtime.rb:17:in `call'
  activesupport (3.2.6) lib/active_support/cache/strategy/local_cache.rb:72:in `call'
  rack (1.4.5) lib/rack/lock.rb:15:in `call'
  actionpack (3.2.6) lib/action_dispatch/middleware/static.rb:62:in `call'
  railties (3.2.6) lib/rails/engine.rb:479:in `call'
  railties (3.2.6) lib/rails/application.rb:220:in `call'
  rack (1.4.5) lib/rack/content_length.rb:14:in `call'
  railties (3.2.6) lib/rails/rack/log_tailer.rb:17:in `call'
  rack (1.4.5) lib/rack/handler/webrick.rb:59:in `service'
  C:/Ruby193/lib/ruby/1.9.1/webrick/httpserver.rb:138:in `service'
  C:/Ruby193/lib/ruby/1.9.1/webrick/httpserver.rb:94:in `run'
  C:/Ruby193/lib/ruby/1.9.1/webrick/server.rb:191:in `block in start_thread'


  Rendered C:/Ruby193/lib/ruby/gems/1.9.1/gems/actionpack-3.2.6/lib/action_dispatch/middleware/templates/rescues/routing_error.erb within rescues/layout (1.0ms)


Started GET "/assets/rails.png" for 127.0.0.1 at 2013-03-09 19:07:17 -0600
Connecting to database specified by database.yml
Served asset /rails.png - 304 Not Modified (19ms)


Started GET "/OneTwentyOne/Room" for 127.0.0.1 at 2013-03-09 19:07:20 -0600

ActionController::RoutingError (No route matches [GET] "/OneTwentyOne/Room"):
  actionpack (3.2.6) lib/action_dispatch/middleware/debug_exceptions.rb:21:in `call'
  actionpack (3.2.6) lib/action_dispatch/middleware/show_exceptions.rb:56:in `call'
  railties (3.2.6) lib/rails/rack/logger.rb:26:in `call_app'
  railties (3.2.6) lib/rails/rack/logger.rb:16:in `call'
  actionpack (3.2.6) lib/action_dispatch/middleware/request_id.rb:22:in `call'
  rack (1.4.5) lib/rack/methodoverride.rb:21:in `call'
  rack (1.4.5) lib/rack/runtime.rb:17:in `call'
  activesupport (3.2.6) lib/active_support/cache/strategy/local_cache.rb:72:in `call'
  rack (1.4.5) lib/rack/lock.rb:15:in `call'
  actionpack (3.2.6) lib/action_dispatch/middleware/static.rb:62:in `call'
  railties (3.2.6) lib/rails/engine.rb:479:in `call'
  railties (3.2.6) lib/rails/application.rb:220:in `call'
  rack (1.4.5) lib/rack/content_length.rb:14:in `call'
  railties (3.2.6) lib/rails/rack/log_tailer.rb:17:in `call'
  rack (1.4.5) lib/rack/handler/webrick.rb:59:in `service'
  C:/Ruby193/lib/ruby/1.9.1/webrick/httpserver.rb:138:in `service'
  C:/Ruby193/lib/ruby/1.9.1/webrick/httpserver.rb:94:in `run'
  C:/Ruby193/lib/ruby/1.9.1/webrick/server.rb:191:in `block in start_thread'


  Rendered C:/Ruby193/lib/ruby/gems/1.9.1/gems/actionpack-3.2.6/lib/action_dispatch/middleware/templates/rescues/routing_error.erb within rescues/layout (6.0ms)


Started GET "/Room/Room" for 127.0.0.1 at 2013-03-09 19:07:27 -0600

ActionController::RoutingError (No route matches [GET] "/Room/Room"):
  actionpack (3.2.6) lib/action_dispatch/middleware/debug_exceptions.rb:21:in `call'
  actionpack (3.2.6) lib/action_dispatch/middleware/show_exceptions.rb:56:in `call'
  railties (3.2.6) lib/rails/rack/logger.rb:26:in `call_app'
  railties (3.2.6) lib/rails/rack/logger.rb:16:in `call'
  actionpack (3.2.6) lib/action_dispatch/middleware/request_id.rb:22:in `call'
  rack (1.4.5) lib/rack/methodoverride.rb:21:in `call'
  rack (1.4.5) lib/rack/runtime.rb:17:in `call'
  activesupport (3.2.6) lib/active_support/cache/strategy/local_cache.rb:72:in `call'
  rack (1.4.5) lib/rack/lock.rb:15:in `call'
  actionpack (3.2.6) lib/action_dispatch/middleware/static.rb:62:in `call'
  railties (3.2.6) lib/rails/engine.rb:479:in `call'
  railties (3.2.6) lib/rails/application.rb:220:in `call'
  rack (1.4.5) lib/rack/content_length.rb:14:in `call'
  railties (3.2.6) lib/rails/rack/log_tailer.rb:17:in `call'
  rack (1.4.5) lib/rack/handler/webrick.rb:59:in `service'
  C:/Ruby193/lib/ruby/1.9.1/webrick/httpserver.rb:138:in `service'
  C:/Ruby193/lib/ruby/1.9.1/webrick/httpserver.rb:94:in `run'
  C:/Ruby193/lib/ruby/1.9.1/webrick/server.rb:191:in `block in start_thread'


  Rendered C:/Ruby193/lib/ruby/gems/1.9.1/gems/actionpack-3.2.6/lib/action_dispatch/middleware/templates/rescues/routing_error.erb within rescues/layout (1.0ms)


Started GET "/Room/" for 127.0.0.1 at 2013-03-09 19:07:31 -0600

ActionController::RoutingError (No route matches [GET] "/Room"):
  actionpack (3.2.6) lib/action_dispatch/middleware/debug_exceptions.rb:21:in `call'
  actionpack (3.2.6) lib/action_dispatch/middleware/show_exceptions.rb:56:in `call'
  railties (3.2.6) lib/rails/rack/logger.rb:26:in `call_app'
  railties (3.2.6) lib/rails/rack/logger.rb:16:in `call'
  actionpack (3.2.6) lib/action_dispatch/middleware/request_id.rb:22:in `call'
  rack (1.4.5) lib/rack/methodoverride.rb:21:in `call'
  rack (1.4.5) lib/rack/runtime.rb:17:in `call'
  activesupport (3.2.6) lib/active_support/cache/strategy/local_cache.rb:72:in `call'
  rack (1.4.5) lib/rack/lock.rb:15:in `call'
  actionpack (3.2.6) lib/action_dispatch/middleware/static.rb:62:in `call'
  railties (3.2.6) lib/rails/engine.rb:479:in `call'
  railties (3.2.6) lib/rails/application.rb:220:in `call'
  rack (1.4.5) lib/rack/content_length.rb:14:in `call'
  railties (3.2.6) lib/rails/rack/log_tailer.rb:17:in `call'
  rack (1.4.5) lib/rack/handler/webrick.rb:59:in `service'
  C:/Ruby193/lib/ruby/1.9.1/webrick/httpserver.rb:138:in `service'
  C:/Ruby193/lib/ruby/1.9.1/webrick/httpserver.rb:94:in `run'
  C:/Ruby193/lib/ruby/1.9.1/webrick/server.rb:191:in `block in start_thread'


  Rendered C:/Ruby193/lib/ruby/gems/1.9.1/gems/actionpack-3.2.6/lib/action_dispatch/middleware/templates/rescues/routing_error.erb within rescues/layout (1.0ms)


Started GET "/Room/3" for 127.0.0.1 at 2013-03-09 19:07:35 -0600

ActionController::RoutingError (No route matches [GET] "/Room/3"):
  actionpack (3.2.6) lib/action_dispatch/middleware/debug_exceptions.rb:21:in `call'
  actionpack (3.2.6) lib/action_dispatch/middleware/show_exceptions.rb:56:in `call'
  railties (3.2.6) lib/rails/rack/logger.rb:26:in `call_app'
  railties (3.2.6) lib/rails/rack/logger.rb:16:in `call'
  actionpack (3.2.6) lib/action_dispatch/middleware/request_id.rb:22:in `call'
  rack (1.4.5) lib/rack/methodoverride.rb:21:in `call'
  rack (1.4.5) lib/rack/runtime.rb:17:in `call'
  activesupport (3.2.6) lib/active_support/cache/strategy/local_cache.rb:72:in `call'
  rack (1.4.5) lib/rack/lock.rb:15:in `call'
  actionpack (3.2.6) lib/action_dispatch/middleware/static.rb:62:in `call'
  railties (3.2.6) lib/rails/engine.rb:479:in `call'
  railties (3.2.6) lib/rails/application.rb:220:in `call'
  rack (1.4.5) lib/rack/content_length.rb:14:in `call'
  railties (3.2.6) lib/rails/rack/log_tailer.rb:17:in `call'
  rack (1.4.5) lib/rack/handler/webrick.rb:59:in `service'
  C:/Ruby193/lib/ruby/1.9.1/webrick/httpserver.rb:138:in `service'
  C:/Ruby193/lib/ruby/1.9.1/webrick/httpserver.rb:94:in `run'
  C:/Ruby193/lib/ruby/1.9.1/webrick/server.rb:191:in `block in start_thread'


  Rendered C:/Ruby193/lib/ruby/gems/1.9.1/gems/actionpack-3.2.6/lib/action_dispatch/middleware/templates/rescues/routing_error.erb within rescues/layout (1.0ms)


Started GET "/Room/Room/3" for 127.0.0.1 at 2013-03-09 19:07:43 -0600

ActionController::RoutingError (uninitialized constant OneTwentyOne):
  activesupport (3.2.6) lib/active_support/inflector/methods.rb:229:in `block in constantize'
  activesupport (3.2.6) lib/active_support/inflector/methods.rb:228:in `each'
  activesupport (3.2.6) lib/active_support/inflector/methods.rb:228:in `constantize'
  actionpack (3.2.6) lib/action_dispatch/routing/route_set.rb:69:in `controller_reference'
  actionpack (3.2.6) lib/action_dispatch/routing/route_set.rb:54:in `controller'
  actionpack (3.2.6) lib/action_dispatch/routing/route_set.rb:32:in `call'
  journey (1.0.4) lib/journey/router.rb:68:in `block in call'
  journey (1.0.4) lib/journey/router.rb:56:in `each'
  journey (1.0.4) lib/journey/router.rb:56:in `call'
  actionpack (3.2.6) lib/action_dispatch/routing/route_set.rb:600:in `call'
  actionpack (3.2.6) lib/action_dispatch/middleware/best_standards_support.rb:17:in `call'
  rack (1.4.5) lib/rack/etag.rb:23:in `call'
  rack (1.4.5) lib/rack/conditionalget.rb:25:in `call'
  actionpack (3.2.6) lib/action_dispatch/middleware/head.rb:14:in `call'
  actionpack (3.2.6) lib/action_dispatch/middleware/params_parser.rb:21:in `call'
  actionpack (3.2.6) lib/action_dispatch/middleware/flash.rb:242:in `call'
  rack (1.4.5) lib/rack/session/abstract/id.rb:210:in `context'
  rack (1.4.5) lib/rack/session/abstract/id.rb:205:in `call'
  actionpack (3.2.6) lib/action_dispatch/middleware/cookies.rb:338:in `call'
  activerecord (3.2.6) lib/active_record/query_cache.rb:64:in `call'
  activerecord (3.2.6) lib/active_record/connection_adapters/abstract/connection_pool.rb:473:in `call'
  actionpack (3.2.6) lib/action_dispatch/middleware/callbacks.rb:28:in `block in call'
  activesupport (3.2.6) lib/active_support/callbacks.rb:405:in `_run__1021218015__call__465010148__callbacks'
  activesupport (3.2.6) lib/active_support/callbacks.rb:405:in `__run_callback'
  activesupport (3.2.6) lib/active_support/callbacks.rb:385:in `_run_call_callbacks'
  activesupport (3.2.6) lib/active_support/callbacks.rb:81:in `run_callbacks'
  actionpack (3.2.6) lib/action_dispatch/middleware/callbacks.rb:27:in `call'
  actionpack (3.2.6) lib/action_dispatch/middleware/reloader.rb:65:in `call'
  actionpack (3.2.6) lib/action_dispatch/middleware/remote_ip.rb:31:in `call'
  actionpack (3.2.6) lib/action_dispatch/middleware/debug_exceptions.rb:16:in `call'
  actionpack (3.2.6) lib/action_dispatch/middleware/show_exceptions.rb:56:in `call'
  railties (3.2.6) lib/rails/rack/logger.rb:26:in `call_app'
  railties (3.2.6) lib/rails/rack/logger.rb:16:in `call'
  actionpack (3.2.6) lib/action_dispatch/middleware/request_id.rb:22:in `call'
  rack (1.4.5) lib/rack/methodoverride.rb:21:in `call'
  rack (1.4.5) lib/rack/runtime.rb:17:in `call'
  activesupport (3.2.6) lib/active_support/cache/strategy/local_cache.rb:72:in `call'
  rack (1.4.5) lib/rack/lock.rb:15:in `call'
  actionpack (3.2.6) lib/action_dispatch/middleware/static.rb:62:in `call'
  railties (3.2.6) lib/rails/engine.rb:479:in `call'
  railties (3.2.6) lib/rails/application.rb:220:in `call'
  rack (1.4.5) lib/rack/content_length.rb:14:in `call'
  railties (3.2.6) lib/rails/rack/log_tailer.rb:17:in `call'
  rack (1.4.5) lib/rack/handler/webrick.rb:59:in `service'
  C:/Ruby193/lib/ruby/1.9.1/webrick/httpserver.rb:138:in `service'
  C:/Ruby193/lib/ruby/1.9.1/webrick/httpserver.rb:94:in `run'
  C:/Ruby193/lib/ruby/1.9.1/webrick/server.rb:191:in `block in start_thread'


  Rendered C:/Ruby193/lib/ruby/gems/1.9.1/gems/actionpack-3.2.6/lib/action_dispatch/middleware/templates/rescues/routing_error.erb within rescues/layout (1.0ms)


Started GET "/Room/Room/3" for 127.0.0.1 at 2013-03-09 19:10:05 -0600
Connecting to database specified by database.yml

ActionController::RoutingError (No route matches [GET] "/Room/Room/3"):
  actionpack (3.2.6) lib/action_dispatch/middleware/debug_exceptions.rb:21:in `call'
  actionpack (3.2.6) lib/action_dispatch/middleware/show_exceptions.rb:56:in `call'
  railties (3.2.6) lib/rails/rack/logger.rb:26:in `call_app'
  railties (3.2.6) lib/rails/rack/logger.rb:16:in `call'
  actionpack (3.2.6) lib/action_dispatch/middleware/request_id.rb:22:in `call'
  rack (1.4.5) lib/rack/methodoverride.rb:21:in `call'
  rack (1.4.5) lib/rack/runtime.rb:17:in `call'
  activesupport (3.2.6) lib/active_support/cache/strategy/local_cache.rb:72:in `call'
  rack (1.4.5) lib/rack/lock.rb:15:in `call'
  actionpack (3.2.6) lib/action_dispatch/middleware/static.rb:62:in `call'
  railties (3.2.6) lib/rails/engine.rb:479:in `call'
  railties (3.2.6) lib/rails/application.rb:220:in `call'
  rack (1.4.5) lib/rack/content_length.rb:14:in `call'
  railties (3.2.6) lib/rails/rack/log_tailer.rb:17:in `call'
  rack (1.4.5) lib/rack/handler/webrick.rb:59:in `service'
  C:/Ruby193/lib/ruby/1.9.1/webrick/httpserver.rb:138:in `service'
  C:/Ruby193/lib/ruby/1.9.1/webrick/httpserver.rb:94:in `run'
  C:/Ruby193/lib/ruby/1.9.1/webrick/server.rb:191:in `block in start_thread'


  Rendered C:/Ruby193/lib/ruby/gems/1.9.1/gems/actionpack-3.2.6/lib/action_dispatch/middleware/templates/rescues/routing_error.erb within rescues/layout (5.0ms)


Started GET "/Room/Room/3" for 127.0.0.1 at 2013-03-09 19:10:05 -0600

ActionController::RoutingError (No route matches [GET] "/Room/Room/3"):
  actionpack (3.2.6) lib/action_dispatch/middleware/debug_exceptions.rb:21:in `call'
  actionpack (3.2.6) lib/action_dispatch/middleware/show_exceptions.rb:56:in `call'
  railties (3.2.6) lib/rails/rack/logger.rb:26:in `call_app'
  railties (3.2.6) lib/rails/rack/logger.rb:16:in `call'
  actionpack (3.2.6) lib/action_dispatch/middleware/request_id.rb:22:in `call'
  rack (1.4.5) lib/rack/methodoverride.rb:21:in `call'
  rack (1.4.5) lib/rack/runtime.rb:17:in `call'
  activesupport (3.2.6) lib/active_support/cache/strategy/local_cache.rb:72:in `call'
  rack (1.4.5) lib/rack/lock.rb:15:in `call'
  actionpack (3.2.6) lib/action_dispatch/middleware/static.rb:62:in `call'
  railties (3.2.6) lib/rails/engine.rb:479:in `call'
  railties (3.2.6) lib/rails/application.rb:220:in `call'
  rack (1.4.5) lib/rack/content_length.rb:14:in `call'
  railties (3.2.6) lib/rails/rack/log_tailer.rb:17:in `call'
  rack (1.4.5) lib/rack/handler/webrick.rb:59:in `service'
  C:/Ruby193/lib/ruby/1.9.1/webrick/httpserver.rb:138:in `service'
  C:/Ruby193/lib/ruby/1.9.1/webrick/httpserver.rb:94:in `run'
  C:/Ruby193/lib/ruby/1.9.1/webrick/server.rb:191:in `block in start_thread'


  Rendered C:/Ruby193/lib/ruby/gems/1.9.1/gems/actionpack-3.2.6/lib/action_dispatch/middleware/templates/rescues/routing_error.erb within rescues/layout (0.0ms)


Started GET "/Room/Room/3" for 127.0.0.1 at 2013-03-09 19:10:05 -0600

ActionController::RoutingError (No route matches [GET] "/Room/Room/3"):
  actionpack (3.2.6) lib/action_dispatch/middleware/debug_exceptions.rb:21:in `call'
  actionpack (3.2.6) lib/action_dispatch/middleware/show_exceptions.rb:56:in `call'
  railties (3.2.6) lib/rails/rack/logger.rb:26:in `call_app'
  railties (3.2.6) lib/rails/rack/logger.rb:16:in `call'
  actionpack (3.2.6) lib/action_dispatch/middleware/request_id.rb:22:in `call'
  rack (1.4.5) lib/rack/methodoverride.rb:21:in `call'
  rack (1.4.5) lib/rack/runtime.rb:17:in `call'
  activesupport (3.2.6) lib/active_support/cache/strategy/local_cache.rb:72:in `call'
  rack (1.4.5) lib/rack/lock.rb:15:in `call'
  actionpack (3.2.6) lib/action_dispatch/middleware/static.rb:62:in `call'
  railties (3.2.6) lib/rails/engine.rb:479:in `call'
  railties (3.2.6) lib/rails/application.rb:220:in `call'
  rack (1.4.5) lib/rack/content_length.rb:14:in `call'
  railties (3.2.6) lib/rails/rack/log_tailer.rb:17:in `call'
  rack (1.4.5) lib/rack/handler/webrick.rb:59:in `service'
  C:/Ruby193/lib/ruby/1.9.1/webrick/httpserver.rb:138:in `service'
  C:/Ruby193/lib/ruby/1.9.1/webrick/httpserver.rb:94:in `run'
  C:/Ruby193/lib/ruby/1.9.1/webrick/server.rb:191:in `block in start_thread'


  Rendered C:/Ruby193/lib/ruby/gems/1.9.1/gems/actionpack-3.2.6/lib/action_dispatch/middleware/templates/rescues/routing_error.erb within rescues/layout (0.0ms)


Started GET "/Room/Room/3" for 127.0.0.1 at 2013-03-09 19:10:07 -0600

ActionController::RoutingError (No route matches [GET] "/Room/Room/3"):
  actionpack (3.2.6) lib/action_dispatch/middleware/debug_exceptions.rb:21:in `call'
  actionpack (3.2.6) lib/action_dispatch/middleware/show_exceptions.rb:56:in `call'
  railties (3.2.6) lib/rails/rack/logger.rb:26:in `call_app'
  railties (3.2.6) lib/rails/rack/logger.rb:16:in `call'
  actionpack (3.2.6) lib/action_dispatch/middleware/request_id.rb:22:in `call'
  rack (1.4.5) lib/rack/methodoverride.rb:21:in `call'
  rack (1.4.5) lib/rack/runtime.rb:17:in `call'
  activesupport (3.2.6) lib/active_support/cache/strategy/local_cache.rb:72:in `call'
  rack (1.4.5) lib/rack/lock.rb:15:in `call'
  actionpack (3.2.6) lib/action_dispatch/middleware/static.rb:62:in `call'
  railties (3.2.6) lib/rails/engine.rb:479:in `call'
  railties (3.2.6) lib/rails/application.rb:220:in `call'
  rack (1.4.5) lib/rack/content_length.rb:14:in `call'
  railties (3.2.6) lib/rails/rack/log_tailer.rb:17:in `call'
  rack (1.4.5) lib/rack/handler/webrick.rb:59:in `service'
  C:/Ruby193/lib/ruby/1.9.1/webrick/httpserver.rb:138:in `service'
  C:/Ruby193/lib/ruby/1.9.1/webrick/httpserver.rb:94:in `run'
  C:/Ruby193/lib/ruby/1.9.1/webrick/server.rb:191:in `block in start_thread'


  Rendered C:/Ruby193/lib/ruby/gems/1.9.1/gems/actionpack-3.2.6/lib/action_dispatch/middleware/templates/rescues/routing_error.erb within rescues/layout (1.0ms)


Started GET "/OneTwentyOne/Room/3" for 127.0.0.1 at 2013-03-09 19:10:14 -0600

ActionController::RoutingError (uninitialized constant OneTwentyOneController):
  activesupport (3.2.6) lib/active_support/inflector/methods.rb:229:in `block in constantize'
  activesupport (3.2.6) lib/active_support/inflector/methods.rb:228:in `each'
  activesupport (3.2.6) lib/active_support/inflector/methods.rb:228:in `constantize'
  actionpack (3.2.6) lib/action_dispatch/routing/route_set.rb:69:in `controller_reference'
  actionpack (3.2.6) lib/action_dispatch/routing/route_set.rb:54:in `controller'
  actionpack (3.2.6) lib/action_dispatch/routing/route_set.rb:32:in `call'
  journey (1.0.4) lib/journey/router.rb:68:in `block in call'
  journey (1.0.4) lib/journey/router.rb:56:in `each'
  journey (1.0.4) lib/journey/router.rb:56:in `call'
  actionpack (3.2.6) lib/action_dispatch/routing/route_set.rb:600:in `call'
  actionpack (3.2.6) lib/action_dispatch/middleware/best_standards_support.rb:17:in `call'
  rack (1.4.5) lib/rack/etag.rb:23:in `call'
  rack (1.4.5) lib/rack/conditionalget.rb:25:in `call'
  actionpack (3.2.6) lib/action_dispatch/middleware/head.rb:14:in `call'
  actionpack (3.2.6) lib/action_dispatch/middleware/params_parser.rb:21:in `call'
  actionpack (3.2.6) lib/action_dispatch/middleware/flash.rb:242:in `call'
  rack (1.4.5) lib/rack/session/abstract/id.rb:210:in `context'
  rack (1.4.5) lib/rack/session/abstract/id.rb:205:in `call'
  actionpack (3.2.6) lib/action_dispatch/middleware/cookies.rb:338:in `call'
  activerecord (3.2.6) lib/active_record/query_cache.rb:64:in `call'
  activerecord (3.2.6) lib/active_record/connection_adapters/abstract/connection_pool.rb:473:in `call'
  actionpack (3.2.6) lib/action_dispatch/middleware/callbacks.rb:28:in `block in call'
  activesupport (3.2.6) lib/active_support/callbacks.rb:405:in `_run__490531141__call__834268936__callbacks'
  activesupport (3.2.6) lib/active_support/callbacks.rb:405:in `__run_callback'
  activesupport (3.2.6) lib/active_support/callbacks.rb:385:in `_run_call_callbacks'
  activesupport (3.2.6) lib/active_support/callbacks.rb:81:in `run_callbacks'
  actionpack (3.2.6) lib/action_dispatch/middleware/callbacks.rb:27:in `call'
  actionpack (3.2.6) lib/action_dispatch/middleware/reloader.rb:65:in `call'
  actionpack (3.2.6) lib/action_dispatch/middleware/remote_ip.rb:31:in `call'
  actionpack (3.2.6) lib/action_dispatch/middleware/debug_exceptions.rb:16:in `call'
  actionpack (3.2.6) lib/action_dispatch/middleware/show_exceptions.rb:56:in `call'
  railties (3.2.6) lib/rails/rack/logger.rb:26:in `call_app'
  railties (3.2.6) lib/rails/rack/logger.rb:16:in `call'
  actionpack (3.2.6) lib/action_dispatch/middleware/request_id.rb:22:in `call'
  rack (1.4.5) lib/rack/methodoverride.rb:21:in `call'
  rack (1.4.5) lib/rack/runtime.rb:17:in `call'
  activesupport (3.2.6) lib/active_support/cache/strategy/local_cache.rb:72:in `call'
  rack (1.4.5) lib/rack/lock.rb:15:in `call'
  actionpack (3.2.6) lib/action_dispatch/middleware/static.rb:62:in `call'
  railties (3.2.6) lib/rails/engine.rb:479:in `call'
  railties (3.2.6) lib/rails/application.rb:220:in `call'
  rack (1.4.5) lib/rack/content_length.rb:14:in `call'
  railties (3.2.6) lib/rails/rack/log_tailer.rb:17:in `call'
  rack (1.4.5) lib/rack/handler/webrick.rb:59:in `service'
  C:/Ruby193/lib/ruby/1.9.1/webrick/httpserver.rb:138:in `service'
  C:/Ruby193/lib/ruby/1.9.1/webrick/httpserver.rb:94:in `run'
  C:/Ruby193/lib/ruby/1.9.1/webrick/server.rb:191:in `block in start_thread'


  Rendered C:/Ruby193/lib/ruby/gems/1.9.1/gems/actionpack-3.2.6/lib/action_dispatch/middleware/templates/rescues/routing_error.erb within rescues/layout (1.0ms)


Started GET "/OneTwentyOne/Room/3" for 127.0.0.1 at 2013-03-09 19:11:31 -0600
Connecting to database specified by database.yml

ActionController::RoutingError (uninitialized constant OneTwentyOneControllerController):
  activesupport (3.2.6) lib/active_support/inflector/methods.rb:229:in `block in constantize'
  activesupport (3.2.6) lib/active_support/inflector/methods.rb:228:in `each'
  activesupport (3.2.6) lib/active_support/inflector/methods.rb:228:in `constantize'
  actionpack (3.2.6) lib/action_dispatch/routing/route_set.rb:69:in `controller_reference'
  actionpack (3.2.6) lib/action_dispatch/routing/route_set.rb:54:in `controller'
  actionpack (3.2.6) lib/action_dispatch/routing/route_set.rb:32:in `call'
  journey (1.0.4) lib/journey/router.rb:68:in `block in call'
  journey (1.0.4) lib/journey/router.rb:56:in `each'
  journey (1.0.4) lib/journey/router.rb:56:in `call'
  actionpack (3.2.6) lib/action_dispatch/routing/route_set.rb:600:in `call'
  actionpack (3.2.6) lib/action_dispatch/middleware/best_standards_support.rb:17:in `call'
  rack (1.4.5) lib/rack/etag.rb:23:in `call'
  rack (1.4.5) lib/rack/conditionalget.rb:25:in `call'
  actionpack (3.2.6) lib/action_dispatch/middleware/head.rb:14:in `call'
  actionpack (3.2.6) lib/action_dispatch/middleware/params_parser.rb:21:in `call'
  actionpack (3.2.6) lib/action_dispatch/middleware/flash.rb:242:in `call'
  rack (1.4.5) lib/rack/session/abstract/id.rb:210:in `context'
  rack (1.4.5) lib/rack/session/abstract/id.rb:205:in `call'
  actionpack (3.2.6) lib/action_dispatch/middleware/cookies.rb:338:in `call'
  activerecord (3.2.6) lib/active_record/query_cache.rb:64:in `call'
  activerecord (3.2.6) lib/active_record/connection_adapters/abstract/connection_pool.rb:473:in `call'
  actionpack (3.2.6) lib/action_dispatch/middleware/callbacks.rb:28:in `block in call'
  activesupport (3.2.6) lib/active_support/callbacks.rb:405:in `_run__378030335__call__652011703__callbacks'
  activesupport (3.2.6) lib/active_support/callbacks.rb:405:in `__run_callback'
  activesupport (3.2.6) lib/active_support/callbacks.rb:385:in `_run_call_callbacks'
  activesupport (3.2.6) lib/active_support/callbacks.rb:81:in `run_callbacks'
  actionpack (3.2.6) lib/action_dispatch/middleware/callbacks.rb:27:in `call'
  actionpack (3.2.6) lib/action_dispatch/middleware/reloader.rb:65:in `call'
  actionpack (3.2.6) lib/action_dispatch/middleware/remote_ip.rb:31:in `call'
  actionpack (3.2.6) lib/action_dispatch/middleware/debug_exceptions.rb:16:in `call'
  actionpack (3.2.6) lib/action_dispatch/middleware/show_exceptions.rb:56:in `call'
  railties (3.2.6) lib/rails/rack/logger.rb:26:in `call_app'
  railties (3.2.6) lib/rails/rack/logger.rb:16:in `call'
  actionpack (3.2.6) lib/action_dispatch/middleware/request_id.rb:22:in `call'
  rack (1.4.5) lib/rack/methodoverride.rb:21:in `call'
  rack (1.4.5) lib/rack/runtime.rb:17:in `call'
  activesupport (3.2.6) lib/active_support/cache/strategy/local_cache.rb:72:in `call'
  rack (1.4.5) lib/rack/lock.rb:15:in `call'
  actionpack (3.2.6) lib/action_dispatch/middleware/static.rb:62:in `call'
  railties (3.2.6) lib/rails/engine.rb:479:in `call'
  railties (3.2.6) lib/rails/application.rb:220:in `call'
  rack (1.4.5) lib/rack/content_length.rb:14:in `call'
  railties (3.2.6) lib/rails/rack/log_tailer.rb:17:in `call'
  rack (1.4.5) lib/rack/handler/webrick.rb:59:in `service'
  C:/Ruby193/lib/ruby/1.9.1/webrick/httpserver.rb:138:in `service'
  C:/Ruby193/lib/ruby/1.9.1/webrick/httpserver.rb:94:in `run'
  C:/Ruby193/lib/ruby/1.9.1/webrick/server.rb:191:in `block in start_thread'


  Rendered C:/Ruby193/lib/ruby/gems/1.9.1/gems/actionpack-3.2.6/lib/action_dispatch/middleware/templates/rescues/routing_error.erb within rescues/layout (5.0ms)


Started GET "/OneTwentyOne/Room/3" for 127.0.0.1 at 2013-03-09 19:11:59 -0600
Processing by OnetwentyoneController#Room as HTML
  Parameters: {"id"=>"3"}
  Rendered onetwentyone/Room.html.erb within layouts/application (0.0ms)
Compiled onetwentyone.css  (35ms)  (pid 1276)
Compiled application.css  (60ms)  (pid 1276)
Compiled jquery.js  (4ms)  (pid 1276)
Compiled jquery_ujs.js  (1ms)  (pid 1276)
Completed 500 Internal Server Error in 810ms

ActionView::Template::Error (
  (in C:/Users/Trey/Documents/GitHub/OneTwentyOne/app/assets/javascripts/onetwentyone.js.coffee)):
    3: <head>
    4:   <title>Onetwentyone</title>
    5:   <%= stylesheet_link_tag    "application", :media => "all" %>
    6:   <%= javascript_include_tag "application" %>
    7:   <%= csrf_meta_tags %>
    8: </head>
    9: <body>
  app/views/layouts/application.html.erb:6:in `_app_views_layouts_application_html_erb___910488509_35762268'


  Rendered C:/Ruby193/lib/ruby/gems/1.9.1/gems/actionpack-3.2.6/lib/action_dispatch/middleware/templates/rescues/_trace.erb (5.0ms)
  Rendered C:/Ruby193/lib/ruby/gems/1.9.1/gems/actionpack-3.2.6/lib/action_dispatch/middleware/templates/rescues/_request_and_response.erb (2.0ms)
  Rendered C:/Ruby193/lib/ruby/gems/1.9.1/gems/actionpack-3.2.6/lib/action_dispatch/middleware/templates/rescues/template_error.erb within rescues/layout (40.0ms)


Started GET "/OneTwentyOne/Room/3" for 127.0.0.1 at 2013-03-09 19:17:45 -0600
Connecting to database specified by database.yml
Processing by OnetwentyoneController#Room as HTML
  Parameters: {"id"=>"3"}
  Rendered onetwentyone/Room.html.erb within layouts/application (5.0ms)
Completed 500 Internal Server Error in 290ms

ActionView::Template::Error (
  (in C:/Users/Trey/Documents/GitHub/OneTwentyOne/app/assets/javascripts/onetwentyone.js.coffee)):
    3: <head>
    4:   <title>Onetwentyone</title>
    5:   <%= stylesheet_link_tag    "application", :media => "all" %>
    6:   <%= javascript_include_tag "application" %>
    7:   <%= csrf_meta_tags %>
    8: </head>
    9: <body>
  app/views/layouts/application.html.erb:6:in `_app_views_layouts_application_html_erb__569114803_36912324'


  Rendered C:/Ruby193/lib/ruby/gems/1.9.1/gems/actionpack-3.2.6/lib/action_dispatch/middleware/templates/rescues/_trace.erb (6.0ms)
  Rendered C:/Ruby193/lib/ruby/gems/1.9.1/gems/actionpack-3.2.6/lib/action_dispatch/middleware/templates/rescues/_request_and_response.erb (1.0ms)
  Rendered C:/Ruby193/lib/ruby/gems/1.9.1/gems/actionpack-3.2.6/lib/action_dispatch/middleware/templates/rescues/template_error.erb within rescues/layout (23.0ms)


Started GET "/OneTwentyOne/Room/3" for 127.0.0.1 at 2013-03-09 19:36:14 -0600
Connecting to database specified by database.yml
Processing by OnetwentyoneController#Room as HTML
  Parameters: {"id"=>"3"}
  Rendered onetwentyone/Room.html.erb within layouts/application (5.0ms)
Compiled requestAnimationFrame.js  (1ms)  (pid 6208)
Compiled tiles.js  (0ms)  (pid 6208)
Compiled tinycolor.js  (1ms)  (pid 6208)
Compiled application.js  (119ms)  (pid 6208)
Completed 200 OK in 221ms (Views: 221.1ms | ActiveRecord: 0.0ms)


Started GET "/assets/onetwentyone.css?body=1" for 127.0.0.1 at 2013-03-09 19:36:14 -0600
Served asset /onetwentyone.css - 200 OK (3ms)


Started GET "/assets/application.css?body=1" for 127.0.0.1 at 2013-03-09 19:36:14 -0600
Served asset /application.css - 200 OK (7ms)


Started GET "/assets/jquery.js?body=1" for 127.0.0.1 at 2013-03-09 19:36:14 -0600
Served asset /jquery.js - 200 OK (5ms)


Started GET "/assets/jquery_ujs.js?body=1" for 127.0.0.1 at 2013-03-09 19:36:14 -0600
Served asset /jquery_ujs.js - 200 OK (8ms)


Started GET "/assets/requestAnimationFrame.js?body=1" for 127.0.0.1 at 2013-03-09 19:36:14 -0600
Served asset /requestAnimationFrame.js - 200 OK (3ms)


Started GET "/assets/tiles.js?body=1" for 127.0.0.1 at 2013-03-09 19:36:15 -0600
Served asset /tiles.js - 200 OK (2ms)


Started GET "/assets/tinycolor.js?body=1" for 127.0.0.1 at 2013-03-09 19:36:15 -0600
Served asset /tinycolor.js - 200 OK (3ms)


Started GET "/assets/application.js?body=1" for 127.0.0.1 at 2013-03-09 19:36:15 -0600
Served asset /application.js - 200 OK (28ms)


Started GET "/public/assets/javascripts/requestAnimationFrame.js" for 127.0.0.1 at 2013-03-09 19:36:15 -0600

ActionController::RoutingError (No route matches [GET] "/public/assets/javascripts/requestAnimationFrame.js"):
  actionpack (3.2.6) lib/action_dispatch/middleware/debug_exceptions.rb:21:in `call'
  actionpack (3.2.6) lib/action_dispatch/middleware/show_exceptions.rb:56:in `call'
  railties (3.2.6) lib/rails/rack/logger.rb:26:in `call_app'
  railties (3.2.6) lib/rails/rack/logger.rb:16:in `call'
  actionpack (3.2.6) lib/action_dispatch/middleware/request_id.rb:22:in `call'
  rack (1.4.5) lib/rack/methodoverride.rb:21:in `call'
  rack (1.4.5) lib/rack/runtime.rb:17:in `call'
  activesupport (3.2.6) lib/active_support/cache/strategy/local_cache.rb:72:in `call'
  rack (1.4.5) lib/rack/lock.rb:15:in `call'
  actionpack (3.2.6) lib/action_dispatch/middleware/static.rb:62:in `call'
  railties (3.2.6) lib/rails/engine.rb:479:in `call'
  railties (3.2.6) lib/rails/application.rb:220:in `call'
  rack (1.4.5) lib/rack/content_length.rb:14:in `call'
  railties (3.2.6) lib/rails/rack/log_tailer.rb:17:in `call'
  rack (1.4.5) lib/rack/handler/webrick.rb:59:in `service'
  C:/Ruby193/lib/ruby/1.9.1/webrick/httpserver.rb:138:in `service'
  C:/Ruby193/lib/ruby/1.9.1/webrick/httpserver.rb:94:in `run'
  C:/Ruby193/lib/ruby/1.9.1/webrick/server.rb:191:in `block in start_thread'


  Rendered C:/Ruby193/lib/ruby/gems/1.9.1/gems/actionpack-3.2.6/lib/action_dispatch/middleware/templates/rescues/routing_error.erb within rescues/layout (1.0ms)


Started GET "/public/assets/javascripts/tinycolor.js" for 127.0.0.1 at 2013-03-09 19:36:15 -0600

ActionController::RoutingError (No route matches [GET] "/public/assets/javascripts/tinycolor.js"):
  actionpack (3.2.6) lib/action_dispatch/middleware/debug_exceptions.rb:21:in `call'
  actionpack (3.2.6) lib/action_dispatch/middleware/show_exceptions.rb:56:in `call'
  railties (3.2.6) lib/rails/rack/logger.rb:26:in `call_app'
  railties (3.2.6) lib/rails/rack/logger.rb:16:in `call'
  actionpack (3.2.6) lib/action_dispatch/middleware/request_id.rb:22:in `call'
  rack (1.4.5) lib/rack/methodoverride.rb:21:in `call'
  rack (1.4.5) lib/rack/runtime.rb:17:in `call'
  activesupport (3.2.6) lib/active_support/cache/strategy/local_cache.rb:72:in `call'
  rack (1.4.5) lib/rack/lock.rb:15:in `call'
  actionpack (3.2.6) lib/action_dispatch/middleware/static.rb:62:in `call'
  railties (3.2.6) lib/rails/engine.rb:479:in `call'
  railties (3.2.6) lib/rails/application.rb:220:in `call'
  rack (1.4.5) lib/rack/content_length.rb:14:in `call'
  railties (3.2.6) lib/rails/rack/log_tailer.rb:17:in `call'
  rack (1.4.5) lib/rack/handler/webrick.rb:59:in `service'
  C:/Ruby193/lib/ruby/1.9.1/webrick/httpserver.rb:138:in `service'
  C:/Ruby193/lib/ruby/1.9.1/webrick/httpserver.rb:94:in `run'
  C:/Ruby193/lib/ruby/1.9.1/webrick/server.rb:191:in `block in start_thread'


  Rendered C:/Ruby193/lib/ruby/gems/1.9.1/gems/actionpack-3.2.6/lib/action_dispatch/middleware/templates/rescues/routing_error.erb within rescues/layout (1.0ms)


Started GET "/public/assets/javascripts/tiles.js" for 127.0.0.1 at 2013-03-09 19:36:15 -0600

ActionController::RoutingError (No route matches [GET] "/public/assets/javascripts/tiles.js"):
  actionpack (3.2.6) lib/action_dispatch/middleware/debug_exceptions.rb:21:in `call'
  actionpack (3.2.6) lib/action_dispatch/middleware/show_exceptions.rb:56:in `call'
  railties (3.2.6) lib/rails/rack/logger.rb:26:in `call_app'
  railties (3.2.6) lib/rails/rack/logger.rb:16:in `call'
  actionpack (3.2.6) lib/action_dispatch/middleware/request_id.rb:22:in `call'
  rack (1.4.5) lib/rack/methodoverride.rb:21:in `call'
  rack (1.4.5) lib/rack/runtime.rb:17:in `call'
  activesupport (3.2.6) lib/active_support/cache/strategy/local_cache.rb:72:in `call'
  rack (1.4.5) lib/rack/lock.rb:15:in `call'
  actionpack (3.2.6) lib/action_dispatch/middleware/static.rb:62:in `call'
  railties (3.2.6) lib/rails/engine.rb:479:in `call'
  railties (3.2.6) lib/rails/application.rb:220:in `call'
  rack (1.4.5) lib/rack/content_length.rb:14:in `call'
  railties (3.2.6) lib/rails/rack/log_tailer.rb:17:in `call'
  rack (1.4.5) lib/rack/handler/webrick.rb:59:in `service'
  C:/Ruby193/lib/ruby/1.9.1/webrick/httpserver.rb:138:in `service'
  C:/Ruby193/lib/ruby/1.9.1/webrick/httpserver.rb:94:in `run'
  C:/Ruby193/lib/ruby/1.9.1/webrick/server.rb:191:in `block in start_thread'


  Rendered C:/Ruby193/lib/ruby/gems/1.9.1/gems/actionpack-3.2.6/lib/action_dispatch/middleware/templates/rescues/routing_error.erb within rescues/layout (0.0ms)


Started GET "/OneTwentyOne/Room/" for 127.0.0.1 at 2013-03-09 19:37:26 -0600

ActionController::RoutingError (No route matches [GET] "/OneTwentyOne/Room"):
  actionpack (3.2.6) lib/action_dispatch/middleware/debug_exceptions.rb:21:in `call'
  actionpack (3.2.6) lib/action_dispatch/middleware/show_exceptions.rb:56:in `call'
  railties (3.2.6) lib/rails/rack/logger.rb:26:in `call_app'
  railties (3.2.6) lib/rails/rack/logger.rb:16:in `call'
  actionpack (3.2.6) lib/action_dispatch/middleware/request_id.rb:22:in `call'
  rack (1.4.5) lib/rack/methodoverride.rb:21:in `call'
  rack (1.4.5) lib/rack/runtime.rb:17:in `call'
  activesupport (3.2.6) lib/active_support/cache/strategy/local_cache.rb:72:in `call'
  rack (1.4.5) lib/rack/lock.rb:15:in `call'
  actionpack (3.2.6) lib/action_dispatch/middleware/static.rb:62:in `call'
  railties (3.2.6) lib/rails/engine.rb:479:in `call'
  railties (3.2.6) lib/rails/application.rb:220:in `call'
  rack (1.4.5) lib/rack/content_length.rb:14:in `call'
  railties (3.2.6) lib/rails/rack/log_tailer.rb:17:in `call'
  rack (1.4.5) lib/rack/handler/webrick.rb:59:in `service'
  C:/Ruby193/lib/ruby/1.9.1/webrick/httpserver.rb:138:in `service'
  C:/Ruby193/lib/ruby/1.9.1/webrick/httpserver.rb:94:in `run'
  C:/Ruby193/lib/ruby/1.9.1/webrick/server.rb:191:in `block in start_thread'


  Rendered C:/Ruby193/lib/ruby/gems/1.9.1/gems/actionpack-3.2.6/lib/action_dispatch/middleware/templates/rescues/routing_error.erb within rescues/layout (1.0ms)


Started GET "/OneTwentyOne/Room/1" for 127.0.0.1 at 2013-03-09 19:37:30 -0600
Processing by OnetwentyoneController#Room as HTML
  Parameters: {"id"=>"1"}
  Rendered onetwentyone/Room.html.erb within layouts/application (0.0ms)
Completed 200 OK in 10ms (Views: 10.0ms | ActiveRecord: 0.0ms)


Started GET "/public/assets/javascripts/tinycolor.js" for 127.0.0.1 at 2013-03-09 19:37:30 -0600

ActionController::RoutingError (No route matches [GET] "/public/assets/javascripts/tinycolor.js"):
  actionpack (3.2.6) lib/action_dispatch/middleware/debug_exceptions.rb:21:in `call'
  actionpack (3.2.6) lib/action_dispatch/middleware/show_exceptions.rb:56:in `call'
  railties (3.2.6) lib/rails/rack/logger.rb:26:in `call_app'
  railties (3.2.6) lib/rails/rack/logger.rb:16:in `call'
  actionpack (3.2.6) lib/action_dispatch/middleware/request_id.rb:22:in `call'
  rack (1.4.5) lib/rack/methodoverride.rb:21:in `call'
  rack (1.4.5) lib/rack/runtime.rb:17:in `call'
  activesupport (3.2.6) lib/active_support/cache/strategy/local_cache.rb:72:in `call'
  rack (1.4.5) lib/rack/lock.rb:15:in `call'
  actionpack (3.2.6) lib/action_dispatch/middleware/static.rb:62:in `call'
  railties (3.2.6) lib/rails/engine.rb:479:in `call'
  railties (3.2.6) lib/rails/application.rb:220:in `call'
  rack (1.4.5) lib/rack/content_length.rb:14:in `call'
  railties (3.2.6) lib/rails/rack/log_tailer.rb:17:in `call'
  rack (1.4.5) lib/rack/handler/webrick.rb:59:in `service'
  C:/Ruby193/lib/ruby/1.9.1/webrick/httpserver.rb:138:in `service'
  C:/Ruby193/lib/ruby/1.9.1/webrick/httpserver.rb:94:in `run'
  C:/Ruby193/lib/ruby/1.9.1/webrick/server.rb:191:in `block in start_thread'


  Rendered C:/Ruby193/lib/ruby/gems/1.9.1/gems/actionpack-3.2.6/lib/action_dispatch/middleware/templates/rescues/routing_error.erb within rescues/layout (0.0ms)


Started GET "/public/assets/javascripts/tiles.js" for 127.0.0.1 at 2013-03-09 19:37:30 -0600

ActionController::RoutingError (No route matches [GET] "/public/assets/javascripts/tiles.js"):
  actionpack (3.2.6) lib/action_dispatch/middleware/debug_exceptions.rb:21:in `call'
  actionpack (3.2.6) lib/action_dispatch/middleware/show_exceptions.rb:56:in `call'
  railties (3.2.6) lib/rails/rack/logger.rb:26:in `call_app'
  railties (3.2.6) lib/rails/rack/logger.rb:16:in `call'
  actionpack (3.2.6) lib/action_dispatch/middleware/request_id.rb:22:in `call'
  rack (1.4.5) lib/rack/methodoverride.rb:21:in `call'
  rack (1.4.5) lib/rack/runtime.rb:17:in `call'
  activesupport (3.2.6) lib/active_support/cache/strategy/local_cache.rb:72:in `call'
  rack (1.4.5) lib/rack/lock.rb:15:in `call'
  actionpack (3.2.6) lib/action_dispatch/middleware/static.rb:62:in `call'
  railties (3.2.6) lib/rails/engine.rb:479:in `call'
  railties (3.2.6) lib/rails/application.rb:220:in `call'
  rack (1.4.5) lib/rack/content_length.rb:14:in `call'
  railties (3.2.6) lib/rails/rack/log_tailer.rb:17:in `call'
  rack (1.4.5) lib/rack/handler/webrick.rb:59:in `service'
  C:/Ruby193/lib/ruby/1.9.1/webrick/httpserver.rb:138:in `service'
  C:/Ruby193/lib/ruby/1.9.1/webrick/httpserver.rb:94:in `run'
  C:/Ruby193/lib/ruby/1.9.1/webrick/server.rb:191:in `block in start_thread'


  Rendered C:/Ruby193/lib/ruby/gems/1.9.1/gems/actionpack-3.2.6/lib/action_dispatch/middleware/templates/rescues/routing_error.erb within rescues/layout (1.0ms)


Started GET "/public/assets/javascripts/requestAnimationFrame.js" for 127.0.0.1 at 2013-03-09 19:37:30 -0600

ActionController::RoutingError (No route matches [GET] "/public/assets/javascripts/requestAnimationFrame.js"):
  actionpack (3.2.6) lib/action_dispatch/middleware/debug_exceptions.rb:21:in `call'
  actionpack (3.2.6) lib/action_dispatch/middleware/show_exceptions.rb:56:in `call'
  railties (3.2.6) lib/rails/rack/logger.rb:26:in `call_app'
  railties (3.2.6) lib/rails/rack/logger.rb:16:in `call'
  actionpack (3.2.6) lib/action_dispatch/middleware/request_id.rb:22:in `call'
  rack (1.4.5) lib/rack/methodoverride.rb:21:in `call'
  rack (1.4.5) lib/rack/runtime.rb:17:in `call'
  activesupport (3.2.6) lib/active_support/cache/strategy/local_cache.rb:72:in `call'
  rack (1.4.5) lib/rack/lock.rb:15:in `call'
  actionpack (3.2.6) lib/action_dispatch/middleware/static.rb:62:in `call'
  railties (3.2.6) lib/rails/engine.rb:479:in `call'
  railties (3.2.6) lib/rails/application.rb:220:in `call'
  rack (1.4.5) lib/rack/content_length.rb:14:in `call'
  railties (3.2.6) lib/rails/rack/log_tailer.rb:17:in `call'
  rack (1.4.5) lib/rack/handler/webrick.rb:59:in `service'
  C:/Ruby193/lib/ruby/1.9.1/webrick/httpserver.rb:138:in `service'
  C:/Ruby193/lib/ruby/1.9.1/webrick/httpserver.rb:94:in `run'
  C:/Ruby193/lib/ruby/1.9.1/webrick/server.rb:191:in `block in start_thread'


  Rendered C:/Ruby193/lib/ruby/gems/1.9.1/gems/actionpack-3.2.6/lib/action_dispatch/middleware/templates/rescues/routing_error.erb within rescues/layout (1.0ms)


Started GET "/OneTwentyOne/Room/1" for 127.0.0.1 at 2013-03-09 19:39:10 -0600
Connecting to database specified by database.yml
Processing by OnetwentyoneController#Room as HTML
  Parameters: {"id"=>"1"}
  Rendered onetwentyone/Room.html.erb within layouts/application (9.0ms)
Completed 200 OK in 87ms (Views: 87.1ms | ActiveRecord: 0.0ms)


Started GET "/public/assets/javascripts/requestAnimationFrame.js" for 127.0.0.1 at 2013-03-09 19:39:11 -0600

ActionController::RoutingError (No route matches [GET] "/public/assets/javascripts/requestAnimationFrame.js"):
  actionpack (3.2.6) lib/action_dispatch/middleware/debug_exceptions.rb:21:in `call'
  actionpack (3.2.6) lib/action_dispatch/middleware/show_exceptions.rb:56:in `call'
  railties (3.2.6) lib/rails/rack/logger.rb:26:in `call_app'
  railties (3.2.6) lib/rails/rack/logger.rb:16:in `call'
  actionpack (3.2.6) lib/action_dispatch/middleware/request_id.rb:22:in `call'
  rack (1.4.5) lib/rack/methodoverride.rb:21:in `call'
  rack (1.4.5) lib/rack/runtime.rb:17:in `call'
  activesupport (3.2.6) lib/active_support/cache/strategy/local_cache.rb:72:in `call'
  rack (1.4.5) lib/rack/lock.rb:15:in `call'
  actionpack (3.2.6) lib/action_dispatch/middleware/static.rb:62:in `call'
  railties (3.2.6) lib/rails/engine.rb:479:in `call'
  railties (3.2.6) lib/rails/application.rb:220:in `call'
  rack (1.4.5) lib/rack/content_length.rb:14:in `call'
  railties (3.2.6) lib/rails/rack/log_tailer.rb:17:in `call'
  rack (1.4.5) lib/rack/handler/webrick.rb:59:in `service'
  C:/Ruby193/lib/ruby/1.9.1/webrick/httpserver.rb:138:in `service'
  C:/Ruby193/lib/ruby/1.9.1/webrick/httpserver.rb:94:in `run'
  C:/Ruby193/lib/ruby/1.9.1/webrick/server.rb:191:in `block in start_thread'


  Rendered C:/Ruby193/lib/ruby/gems/1.9.1/gems/actionpack-3.2.6/lib/action_dispatch/middleware/templates/rescues/routing_error.erb within rescues/layout (1.0ms)


Started GET "/public/assets/javascripts/tinycolor.js" for 127.0.0.1 at 2013-03-09 19:39:11 -0600

ActionController::RoutingError (No route matches [GET] "/public/assets/javascripts/tinycolor.js"):
  actionpack (3.2.6) lib/action_dispatch/middleware/debug_exceptions.rb:21:in `call'
  actionpack (3.2.6) lib/action_dispatch/middleware/show_exceptions.rb:56:in `call'
  railties (3.2.6) lib/rails/rack/logger.rb:26:in `call_app'
  railties (3.2.6) lib/rails/rack/logger.rb:16:in `call'
  actionpack (3.2.6) lib/action_dispatch/middleware/request_id.rb:22:in `call'
  rack (1.4.5) lib/rack/methodoverride.rb:21:in `call'
  rack (1.4.5) lib/rack/runtime.rb:17:in `call'
  activesupport (3.2.6) lib/active_support/cache/strategy/local_cache.rb:72:in `call'
  rack (1.4.5) lib/rack/lock.rb:15:in `call'
  actionpack (3.2.6) lib/action_dispatch/middleware/static.rb:62:in `call'
  railties (3.2.6) lib/rails/engine.rb:479:in `call'
  railties (3.2.6) lib/rails/application.rb:220:in `call'
  rack (1.4.5) lib/rack/content_length.rb:14:in `call'
  railties (3.2.6) lib/rails/rack/log_tailer.rb:17:in `call'
  rack (1.4.5) lib/rack/handler/webrick.rb:59:in `service'
  C:/Ruby193/lib/ruby/1.9.1/webrick/httpserver.rb:138:in `service'
  C:/Ruby193/lib/ruby/1.9.1/webrick/httpserver.rb:94:in `run'
  C:/Ruby193/lib/ruby/1.9.1/webrick/server.rb:191:in `block in start_thread'


  Rendered C:/Ruby193/lib/ruby/gems/1.9.1/gems/actionpack-3.2.6/lib/action_dispatch/middleware/templates/rescues/routing_error.erb within rescues/layout (0.0ms)


Started GET "/public/assets/javascripts/tiles.js" for 127.0.0.1 at 2013-03-09 19:39:11 -0600

ActionController::RoutingError (No route matches [GET] "/public/assets/javascripts/tiles.js"):
  actionpack (3.2.6) lib/action_dispatch/middleware/debug_exceptions.rb:21:in `call'
  actionpack (3.2.6) lib/action_dispatch/middleware/show_exceptions.rb:56:in `call'
  railties (3.2.6) lib/rails/rack/logger.rb:26:in `call_app'
  railties (3.2.6) lib/rails/rack/logger.rb:16:in `call'
  actionpack (3.2.6) lib/action_dispatch/middleware/request_id.rb:22:in `call'
  rack (1.4.5) lib/rack/methodoverride.rb:21:in `call'
  rack (1.4.5) lib/rack/runtime.rb:17:in `call'
  activesupport (3.2.6) lib/active_support/cache/strategy/local_cache.rb:72:in `call'
  rack (1.4.5) lib/rack/lock.rb:15:in `call'
  actionpack (3.2.6) lib/action_dispatch/middleware/static.rb:62:in `call'
  railties (3.2.6) lib/rails/engine.rb:479:in `call'
  railties (3.2.6) lib/rails/application.rb:220:in `call'
  rack (1.4.5) lib/rack/content_length.rb:14:in `call'
  railties (3.2.6) lib/rails/rack/log_tailer.rb:17:in `call'
  rack (1.4.5) lib/rack/handler/webrick.rb:59:in `service'
  C:/Ruby193/lib/ruby/1.9.1/webrick/httpserver.rb:138:in `service'
  C:/Ruby193/lib/ruby/1.9.1/webrick/httpserver.rb:94:in `run'
  C:/Ruby193/lib/ruby/1.9.1/webrick/server.rb:191:in `block in start_thread'


  Rendered C:/Ruby193/lib/ruby/gems/1.9.1/gems/actionpack-3.2.6/lib/action_dispatch/middleware/templates/rescues/routing_error.erb within rescues/layout (1.0ms)


Started GET "/OneTwentyOne/index" for 127.0.0.1 at 2013-03-09 19:39:17 -0600

ActionController::RoutingError (No route matches [GET] "/OneTwentyOne/index"):
  actionpack (3.2.6) lib/action_dispatch/middleware/debug_exceptions.rb:21:in `call'
  actionpack (3.2.6) lib/action_dispatch/middleware/show_exceptions.rb:56:in `call'
  railties (3.2.6) lib/rails/rack/logger.rb:26:in `call_app'
  railties (3.2.6) lib/rails/rack/logger.rb:16:in `call'
  actionpack (3.2.6) lib/action_dispatch/middleware/request_id.rb:22:in `call'
  rack (1.4.5) lib/rack/methodoverride.rb:21:in `call'
  rack (1.4.5) lib/rack/runtime.rb:17:in `call'
  activesupport (3.2.6) lib/active_support/cache/strategy/local_cache.rb:72:in `call'
  rack (1.4.5) lib/rack/lock.rb:15:in `call'
  actionpack (3.2.6) lib/action_dispatch/middleware/static.rb:62:in `call'
  railties (3.2.6) lib/rails/engine.rb:479:in `call'
  railties (3.2.6) lib/rails/application.rb:220:in `call'
  rack (1.4.5) lib/rack/content_length.rb:14:in `call'
  railties (3.2.6) lib/rails/rack/log_tailer.rb:17:in `call'
  rack (1.4.5) lib/rack/handler/webrick.rb:59:in `service'
  C:/Ruby193/lib/ruby/1.9.1/webrick/httpserver.rb:138:in `service'
  C:/Ruby193/lib/ruby/1.9.1/webrick/httpserver.rb:94:in `run'
  C:/Ruby193/lib/ruby/1.9.1/webrick/server.rb:191:in `block in start_thread'


  Rendered C:/Ruby193/lib/ruby/gems/1.9.1/gems/actionpack-3.2.6/lib/action_dispatch/middleware/templates/rescues/routing_error.erb within rescues/layout (1.0ms)


Started GET "/OneTwentyOne/index" for 127.0.0.1 at 2013-03-09 19:40:00 -0600
Connecting to database specified by database.yml
Processing by OnetwentyoneController#index as HTML
  Rendered onetwentyone/index.html.erb within layouts/application (5.0ms)
Completed 200 OK in 66ms (Views: 66.0ms | ActiveRecord: 0.0ms)
Connecting to database specified by database.yml
